<?xml version="1.0" encoding="UTF-8"?>
<testsuite name="com.example.cleintetaller.CleintetallerApplicationTests" tests="1" skipped="0" failures="0" errors="0" timestamp="2019-11-12T02:15:10" hostname="DESKTOP-PHUU7AE" time="0.154">
  <properties/>
  <testcase name="contextLoads()" classname="com.example.cleintetaller.CleintetallerApplicationTests" time="0.154"/>
  <system-out><![CDATA[21:15:08.956 [Test worker] DEBUG org.springframework.test.context.BootstrapUtils - Instantiating CacheAwareContextLoaderDelegate from class [org.springframework.test.context.cache.DefaultCacheAwareContextLoaderDelegate]
21:15:08.972 [Test worker] DEBUG org.springframework.test.context.BootstrapUtils - Instantiating BootstrapContext using constructor [public org.springframework.test.context.support.DefaultBootstrapContext(java.lang.Class,org.springframework.test.context.CacheAwareContextLoaderDelegate)]
21:15:08.996 [Test worker] DEBUG org.springframework.test.context.BootstrapUtils - Instantiating TestContextBootstrapper for test class [com.example.cleintetaller.CleintetallerApplicationTests] from class [org.springframework.boot.test.context.SpringBootTestContextBootstrapper]
21:15:09.014 [Test worker] INFO org.springframework.boot.test.context.SpringBootTestContextBootstrapper - Neither @ContextConfiguration nor @ContextHierarchy found for test class [com.example.cleintetaller.CleintetallerApplicationTests], using SpringBootContextLoader
21:15:09.017 [Test worker] DEBUG org.springframework.test.context.support.AbstractContextLoader - Did not detect default resource location for test class [com.example.cleintetaller.CleintetallerApplicationTests]: class path resource [com/example/cleintetaller/CleintetallerApplicationTests-context.xml] does not exist
21:15:09.018 [Test worker] DEBUG org.springframework.test.context.support.AbstractContextLoader - Did not detect default resource location for test class [com.example.cleintetaller.CleintetallerApplicationTests]: class path resource [com/example/cleintetaller/CleintetallerApplicationTestsContext.groovy] does not exist
21:15:09.018 [Test worker] INFO org.springframework.test.context.support.AbstractContextLoader - Could not detect default resource locations for test class [com.example.cleintetaller.CleintetallerApplicationTests]: no resource found for suffixes {-context.xml, Context.groovy}.
21:15:09.018 [Test worker] INFO org.springframework.test.context.support.AnnotationConfigContextLoaderUtils - Could not detect default configuration classes for test class [com.example.cleintetaller.CleintetallerApplicationTests]: CleintetallerApplicationTests does not declare any static, non-private, non-final, nested classes annotated with @Configuration.
21:15:09.049 [Test worker] DEBUG org.springframework.test.context.support.ActiveProfilesUtils - Could not find an 'annotation declaring class' for annotation type [org.springframework.test.context.ActiveProfiles] and class [com.example.cleintetaller.CleintetallerApplicationTests]
21:15:09.104 [Test worker] DEBUG org.springframework.context.annotation.ClassPathScanningCandidateComponentProvider - Identified candidate component class: file [F:\Cursos\tallermodval\cleintetaller\build\classes\kotlin\main\com\example\cleintetaller\CleintetallerApplication.class]
21:15:09.105 [Test worker] INFO org.springframework.boot.test.context.SpringBootTestContextBootstrapper - Found @SpringBootConfiguration com.example.cleintetaller.CleintetallerApplication for test class com.example.cleintetaller.CleintetallerApplicationTests
21:15:09.193 [Test worker] DEBUG org.springframework.boot.test.context.SpringBootTestContextBootstrapper - @TestExecutionListeners is not present for class [com.example.cleintetaller.CleintetallerApplicationTests]: using defaults.
21:15:09.194 [Test worker] INFO org.springframework.boot.test.context.SpringBootTestContextBootstrapper - Loaded default TestExecutionListener class names from location [META-INF/spring.factories]: [org.springframework.boot.test.autoconfigure.restdocs.RestDocsTestExecutionListener, org.springframework.boot.test.autoconfigure.web.client.MockRestServiceServerResetTestExecutionListener, org.springframework.boot.test.autoconfigure.web.servlet.MockMvcPrintOnlyOnFailureTestExecutionListener, org.springframework.boot.test.autoconfigure.web.servlet.WebDriverTestExecutionListener, org.springframework.boot.test.mock.mockito.MockitoTestExecutionListener, org.springframework.boot.test.mock.mockito.ResetMocksTestExecutionListener, org.springframework.test.context.web.ServletTestExecutionListener, org.springframework.test.context.support.DirtiesContextBeforeModesTestExecutionListener, org.springframework.test.context.support.DependencyInjectionTestExecutionListener, org.springframework.test.context.support.DirtiesContextTestExecutionListener, org.springframework.test.context.transaction.TransactionalTestExecutionListener, org.springframework.test.context.jdbc.SqlScriptsTestExecutionListener, org.springframework.test.context.event.EventPublishingTestExecutionListener]
21:15:09.205 [Test worker] DEBUG org.springframework.boot.test.context.SpringBootTestContextBootstrapper - Skipping candidate TestExecutionListener [org.springframework.test.context.transaction.TransactionalTestExecutionListener] due to a missing dependency. Specify custom listener classes or make the default listener classes and their required dependencies available. Offending class: [org/springframework/transaction/interceptor/TransactionAttributeSource]
21:15:09.205 [Test worker] DEBUG org.springframework.boot.test.context.SpringBootTestContextBootstrapper - Skipping candidate TestExecutionListener [org.springframework.test.context.jdbc.SqlScriptsTestExecutionListener] due to a missing dependency. Specify custom listener classes or make the default listener classes and their required dependencies available. Offending class: [org/springframework/transaction/interceptor/TransactionAttribute]
21:15:09.205 [Test worker] INFO org.springframework.boot.test.context.SpringBootTestContextBootstrapper - Using TestExecutionListeners: [org.springframework.test.context.web.ServletTestExecutionListener@1faaa24, org.springframework.test.context.support.DirtiesContextBeforeModesTestExecutionListener@70feaf29, org.springframework.boot.test.mock.mockito.MockitoTestExecutionListener@3b607f9c, org.springframework.boot.test.autoconfigure.SpringBootDependencyInjectionTestExecutionListener@161180f6, org.springframework.test.context.support.DirtiesContextTestExecutionListener@42eeb39a, org.springframework.test.context.event.EventPublishingTestExecutionListener@476ccb09, org.springframework.boot.test.autoconfigure.restdocs.RestDocsTestExecutionListener@7fc8d0e7, org.springframework.boot.test.autoconfigure.web.client.MockRestServiceServerResetTestExecutionListener@65c4e9d8, org.springframework.boot.test.autoconfigure.web.servlet.MockMvcPrintOnlyOnFailureTestExecutionListener@5201e499, org.springframework.boot.test.autoconfigure.web.servlet.WebDriverTestExecutionListener@73945953, org.springframework.boot.test.mock.mockito.ResetMocksTestExecutionListener@4a62e02e]
21:15:09.209 [Test worker] DEBUG org.springframework.test.context.support.AbstractDirtiesContextTestExecutionListener - Before test class: context [DefaultTestContext@5e35be4f testClass = CleintetallerApplicationTests, testInstance = [null], testMethod = [null], testException = [null], mergedContextConfiguration = [WebMergedContextConfiguration@204e1782 testClass = CleintetallerApplicationTests, locations = '{}', classes = '{class com.example.cleintetaller.CleintetallerApplication}', contextInitializerClasses = '[]', activeProfiles = '{}', propertySourceLocations = '{}', propertySourceProperties = '{org.springframework.boot.test.context.SpringBootTestContextBootstrapper=true}', contextCustomizers = set[org.springframework.boot.test.autoconfigure.properties.PropertyMappingContextCustomizer@0, org.springframework.boot.test.autoconfigure.web.servlet.WebDriverContextCustomizerFactory$Customizer@544e9a0a, org.springframework.boot.test.context.filter.ExcludeFilterContextCustomizer@653f288, org.springframework.boot.test.json.DuplicateJsonObjectContextCustomizerFactory$DuplicateJsonObjectContextCustomizer@4a07623b, org.springframework.boot.test.mock.mockito.MockitoContextCustomizer@0, org.springframework.boot.test.web.client.TestRestTemplateContextCustomizer@24e765a1], resourceBasePath = 'src/main/webapp', contextLoader = 'org.springframework.boot.test.context.SpringBootContextLoader', parent = [null]], attributes = map['org.springframework.test.context.web.ServletTestExecutionListener.activateListener' -> true]], class annotated with @DirtiesContext [false] with mode [null].
21:15:09.234 [Test worker] DEBUG org.springframework.test.context.support.TestPropertySourceUtils - Adding inlined properties to environment: {spring.jmx.enabled=false, org.springframework.boot.test.context.SpringBootTestContextBootstrapper=true, server.port=-1}

  .   ____          _            __ _ _
 /\\ / ___'_ __ _ _(_)_ __  __ _ \ \ \ \
( ( )\___ | '_ | '_| | '_ \/ _` | \ \ \ \
 \\/  ___)| |_)| | | | | || (_| |  ) ) ) )
  '  |____| .__|_| |_|_| |_\__, | / / / /
 =========|_|==============|___/=/_/_/_/
 :: Spring Boot ::        (v2.2.1.RELEASE)

2019-11-11 21:15:09.461  INFO 17060 --- [    Test worker] c.e.c.CleintetallerApplicationTests      : Starting CleintetallerApplicationTests on DESKTOP-PHUU7AE with PID 17060 (started by CEPV in F:\Cursos\tallermodval\cleintetaller)
2019-11-11 21:15:09.462  INFO 17060 --- [    Test worker] c.e.c.CleintetallerApplicationTests      : No active profile set, falling back to default profiles: default
2019-11-11 21:15:10.496  INFO 17060 --- [    Test worker] o.s.s.concurrent.ThreadPoolTaskExecutor  : Initializing ExecutorService 'applicationTaskExecutor'
2019-11-11 21:15:10.735  INFO 17060 --- [    Test worker] c.e.c.CleintetallerApplicationTests      : Started CleintetallerApplicationTests in 1.493 seconds (JVM running for 2.871)
]]></system-out>
  <system-err><![CDATA[]]></system-err>
</testsuite>
