<?xml version="1.0" encoding="UTF-8"?>
<testsuite name="com.example.dispatchertaller.DispatchertallerApplicationTests" tests="1" skipped="0" failures="0" errors="0" timestamp="2019-11-12T02:18:36" hostname="DESKTOP-PHUU7AE" time="0.156">
  <properties/>
  <testcase name="contextLoads()" classname="com.example.dispatchertaller.DispatchertallerApplicationTests" time="0.156"/>
  <system-out><![CDATA[21:18:34.478 [Test worker] DEBUG org.springframework.test.context.BootstrapUtils - Instantiating CacheAwareContextLoaderDelegate from class [org.springframework.test.context.cache.DefaultCacheAwareContextLoaderDelegate]
21:18:34.494 [Test worker] DEBUG org.springframework.test.context.BootstrapUtils - Instantiating BootstrapContext using constructor [public org.springframework.test.context.support.DefaultBootstrapContext(java.lang.Class,org.springframework.test.context.CacheAwareContextLoaderDelegate)]
21:18:34.519 [Test worker] DEBUG org.springframework.test.context.BootstrapUtils - Instantiating TestContextBootstrapper for test class [com.example.dispatchertaller.DispatchertallerApplicationTests] from class [org.springframework.boot.test.context.SpringBootTestContextBootstrapper]
21:18:34.536 [Test worker] INFO org.springframework.boot.test.context.SpringBootTestContextBootstrapper - Neither @ContextConfiguration nor @ContextHierarchy found for test class [com.example.dispatchertaller.DispatchertallerApplicationTests], using SpringBootContextLoader
21:18:34.539 [Test worker] DEBUG org.springframework.test.context.support.AbstractContextLoader - Did not detect default resource location for test class [com.example.dispatchertaller.DispatchertallerApplicationTests]: class path resource [com/example/dispatchertaller/DispatchertallerApplicationTests-context.xml] does not exist
21:18:34.540 [Test worker] DEBUG org.springframework.test.context.support.AbstractContextLoader - Did not detect default resource location for test class [com.example.dispatchertaller.DispatchertallerApplicationTests]: class path resource [com/example/dispatchertaller/DispatchertallerApplicationTestsContext.groovy] does not exist
21:18:34.540 [Test worker] INFO org.springframework.test.context.support.AbstractContextLoader - Could not detect default resource locations for test class [com.example.dispatchertaller.DispatchertallerApplicationTests]: no resource found for suffixes {-context.xml, Context.groovy}.
21:18:34.541 [Test worker] INFO org.springframework.test.context.support.AnnotationConfigContextLoaderUtils - Could not detect default configuration classes for test class [com.example.dispatchertaller.DispatchertallerApplicationTests]: DispatchertallerApplicationTests does not declare any static, non-private, non-final, nested classes annotated with @Configuration.
21:18:34.572 [Test worker] DEBUG org.springframework.test.context.support.ActiveProfilesUtils - Could not find an 'annotation declaring class' for annotation type [org.springframework.test.context.ActiveProfiles] and class [com.example.dispatchertaller.DispatchertallerApplicationTests]
21:18:34.629 [Test worker] DEBUG org.springframework.context.annotation.ClassPathScanningCandidateComponentProvider - Identified candidate component class: file [F:\Cursos\tallermodval\dispatchertaller\build\classes\kotlin\main\com\example\dispatchertaller\DispatchertallerApplication.class]
21:18:34.631 [Test worker] INFO org.springframework.boot.test.context.SpringBootTestContextBootstrapper - Found @SpringBootConfiguration com.example.dispatchertaller.DispatchertallerApplication for test class com.example.dispatchertaller.DispatchertallerApplicationTests
21:18:34.716 [Test worker] DEBUG org.springframework.boot.test.context.SpringBootTestContextBootstrapper - @TestExecutionListeners is not present for class [com.example.dispatchertaller.DispatchertallerApplicationTests]: using defaults.
21:18:34.717 [Test worker] INFO org.springframework.boot.test.context.SpringBootTestContextBootstrapper - Loaded default TestExecutionListener class names from location [META-INF/spring.factories]: [org.springframework.boot.test.autoconfigure.restdocs.RestDocsTestExecutionListener, org.springframework.boot.test.autoconfigure.web.client.MockRestServiceServerResetTestExecutionListener, org.springframework.boot.test.autoconfigure.web.servlet.MockMvcPrintOnlyOnFailureTestExecutionListener, org.springframework.boot.test.autoconfigure.web.servlet.WebDriverTestExecutionListener, org.springframework.boot.test.mock.mockito.MockitoTestExecutionListener, org.springframework.boot.test.mock.mockito.ResetMocksTestExecutionListener, org.springframework.test.context.web.ServletTestExecutionListener, org.springframework.test.context.support.DirtiesContextBeforeModesTestExecutionListener, org.springframework.test.context.support.DependencyInjectionTestExecutionListener, org.springframework.test.context.support.DirtiesContextTestExecutionListener, org.springframework.test.context.transaction.TransactionalTestExecutionListener, org.springframework.test.context.jdbc.SqlScriptsTestExecutionListener, org.springframework.test.context.event.EventPublishingTestExecutionListener]
21:18:34.727 [Test worker] DEBUG org.springframework.boot.test.context.SpringBootTestContextBootstrapper - Skipping candidate TestExecutionListener [org.springframework.test.context.transaction.TransactionalTestExecutionListener] due to a missing dependency. Specify custom listener classes or make the default listener classes and their required dependencies available. Offending class: [org/springframework/transaction/interceptor/TransactionAttributeSource]
21:18:34.727 [Test worker] DEBUG org.springframework.boot.test.context.SpringBootTestContextBootstrapper - Skipping candidate TestExecutionListener [org.springframework.test.context.jdbc.SqlScriptsTestExecutionListener] due to a missing dependency. Specify custom listener classes or make the default listener classes and their required dependencies available. Offending class: [org/springframework/transaction/interceptor/TransactionAttribute]
21:18:34.728 [Test worker] INFO org.springframework.boot.test.context.SpringBootTestContextBootstrapper - Using TestExecutionListeners: [org.springframework.test.context.web.ServletTestExecutionListener@6754adf6, org.springframework.test.context.support.DirtiesContextBeforeModesTestExecutionListener@3c4b9b0e, org.springframework.boot.test.mock.mockito.MockitoTestExecutionListener@46e5be8, org.springframework.boot.test.autoconfigure.SpringBootDependencyInjectionTestExecutionListener@69cb6e88, org.springframework.test.context.support.DirtiesContextTestExecutionListener@2bb2455a, org.springframework.test.context.event.EventPublishingTestExecutionListener@4b4138c9, org.springframework.boot.test.autoconfigure.restdocs.RestDocsTestExecutionListener@3d869b52, org.springframework.boot.test.autoconfigure.web.client.MockRestServiceServerResetTestExecutionListener@f0b0d44, org.springframework.boot.test.autoconfigure.web.servlet.MockMvcPrintOnlyOnFailureTestExecutionListener@362a016a, org.springframework.boot.test.autoconfigure.web.servlet.WebDriverTestExecutionListener@74efe016, org.springframework.boot.test.mock.mockito.ResetMocksTestExecutionListener@7dbaa9d2]
21:18:34.731 [Test worker] DEBUG org.springframework.test.context.support.AbstractDirtiesContextTestExecutionListener - Before test class: context [DefaultTestContext@64c976cd testClass = DispatchertallerApplicationTests, testInstance = [null], testMethod = [null], testException = [null], mergedContextConfiguration = [WebMergedContextConfiguration@245f1a9e testClass = DispatchertallerApplicationTests, locations = '{}', classes = '{class com.example.dispatchertaller.DispatchertallerApplication}', contextInitializerClasses = '[]', activeProfiles = '{}', propertySourceLocations = '{}', propertySourceProperties = '{org.springframework.boot.test.context.SpringBootTestContextBootstrapper=true}', contextCustomizers = set[org.springframework.boot.test.autoconfigure.properties.PropertyMappingContextCustomizer@0, org.springframework.boot.test.autoconfigure.web.servlet.WebDriverContextCustomizerFactory$Customizer@6aa1c36e, org.springframework.boot.test.context.filter.ExcludeFilterContextCustomizer@3d1222a3, org.springframework.boot.test.json.DuplicateJsonObjectContextCustomizerFactory$DuplicateJsonObjectContextCustomizer@3c3a6982, org.springframework.boot.test.mock.mockito.MockitoContextCustomizer@0, org.springframework.boot.test.web.client.TestRestTemplateContextCustomizer@6a7a0a01], resourceBasePath = 'src/main/webapp', contextLoader = 'org.springframework.boot.test.context.SpringBootContextLoader', parent = [null]], attributes = map['org.springframework.test.context.web.ServletTestExecutionListener.activateListener' -> true]], class annotated with @DirtiesContext [false] with mode [null].
21:18:34.756 [Test worker] DEBUG org.springframework.test.context.support.TestPropertySourceUtils - Adding inlined properties to environment: {spring.jmx.enabled=false, org.springframework.boot.test.context.SpringBootTestContextBootstrapper=true, server.port=-1}

  .   ____          _            __ _ _
 /\\ / ___'_ __ _ _(_)_ __  __ _ \ \ \ \
( ( )\___ | '_ | '_| | '_ \/ _` | \ \ \ \
 \\/  ___)| |_)| | | | | || (_| |  ) ) ) )
  '  |____| .__|_| |_|_| |_\__, | / / / /
 =========|_|==============|___/=/_/_/_/
 :: Spring Boot ::        (v2.2.1.RELEASE)

2019-11-11 21:18:34.978  INFO 25828 --- [    Test worker] c.e.d.DispatchertallerApplicationTests   : Starting DispatchertallerApplicationTests on DESKTOP-PHUU7AE with PID 25828 (started by CEPV in F:\Cursos\tallermodval\dispatchertaller)
2019-11-11 21:18:34.979  INFO 25828 --- [    Test worker] c.e.d.DispatchertallerApplicationTests   : No active profile set, falling back to default profiles: default
2019-11-11 21:18:35.625  INFO 25828 --- [    Test worker] trationDelegate$BeanPostProcessorChecker : Bean 'org.springframework.ws.config.annotation.DelegatingWsConfiguration' of type [org.springframework.ws.config.annotation.DelegatingWsConfiguration$$EnhancerBySpringCGLIB$$88333e2f] is not eligible for getting processed by all BeanPostProcessors (for example: not eligible for auto-proxying)
2019-11-11 21:18:35.672  INFO 25828 --- [    Test worker] .w.s.a.s.AnnotationActionEndpointMapping : Supporting [WS-Addressing August 2004, WS-Addressing 1.0]
2019-11-11 21:18:36.089  INFO 25828 --- [    Test worker] o.s.s.concurrent.ThreadPoolTaskExecutor  : Initializing ExecutorService 'applicationTaskExecutor'
2019-11-11 21:18:36.398  INFO 25828 --- [    Test worker] c.e.d.DispatchertallerApplicationTests   : Started DispatchertallerApplicationTests in 1.634 seconds (JVM running for 3.013)
]]></system-out>
  <system-err><![CDATA[]]></system-err>
</testsuite>
